{"/Users/natalya/Desktop/RSSchool-react/rss-react/forms/src/App.tsx": {"path":"/Users/natalya/Desktop/RSSchool-react/rss-react/forms/src/App.tsx","all":false,"statementMap":{"0":{"start":{"line":1,"column":0},"end":{"line":1,"column":32}},"1":{"start":{"line":2,"column":0},"end":{"line":2,"column":31}},"2":{"start":{"line":3,"column":0},"end":{"line":3,"column":38}},"3":{"start":{"line":4,"column":0},"end":{"line":4,"column":45}},"4":{"start":{"line":5,"column":0},"end":{"line":5,"column":63}},"5":{"start":{"line":6,"column":0},"end":{"line":6,"column":18}},"7":{"start":{"line":8,"column":0},"end":{"line":8,"column":31}},"8":{"start":{"line":9,"column":0},"end":{"line":9,"column":71}},"11":{"start":{"line":12,"column":0},"end":{"line":12,"column":10}},"12":{"start":{"line":13,"column":0},"end":{"line":13,"column":31}},"13":{"start":{"line":14,"column":0},"end":{"line":14,"column":14}},"14":{"start":{"line":15,"column":0},"end":{"line":15,"column":28}},"15":{"start":{"line":16,"column":0},"end":{"line":16,"column":15}},"18":{"start":{"line":19,"column":0},"end":{"line":19,"column":31}},"19":{"start":{"line":20,"column":0},"end":{"line":20,"column":79}},"21":{"start":{"line":22,"column":0},"end":{"line":22,"column":17}},"22":{"start":{"line":23,"column":0},"end":{"line":23,"column":70}},"24":{"start":{"line":25,"column":0},"end":{"line":25,"column":17}},"25":{"start":{"line":26,"column":0},"end":{"line":26,"column":12}},"28":{"start":{"line":29,"column":0},"end":{"line":29,"column":14}},"31":{"start":{"line":32,"column":0},"end":{"line":32,"column":12}},"32":{"start":{"line":33,"column":0},"end":{"line":33,"column":40}},"33":{"start":{"line":34,"column":0},"end":{"line":34,"column":37}},"34":{"start":{"line":35,"column":0},"end":{"line":35,"column":43}},"36":{"start":{"line":37,"column":0},"end":{"line":37,"column":69}},"37":{"start":{"line":38,"column":0},"end":{"line":38,"column":14}},"40":{"start":{"line":41,"column":0},"end":{"line":41,"column":12}},"41":{"start":{"line":42,"column":0},"end":{"line":42,"column":31}},"42":{"start":{"line":43,"column":0},"end":{"line":43,"column":37}},"43":{"start":{"line":44,"column":0},"end":{"line":44,"column":35}},"45":{"start":{"line":46,"column":0},"end":{"line":46,"column":60}},"46":{"start":{"line":47,"column":0},"end":{"line":47,"column":14}},"47":{"start":{"line":48,"column":0},"end":{"line":48,"column":10}},"49":{"start":{"line":50,"column":0},"end":{"line":50,"column":1}}},"s":{"0":1,"1":1,"2":1,"3":1,"4":1,"5":1,"7":3,"8":3,"11":3,"12":3,"13":3,"14":3,"15":3,"18":3,"19":3,"21":3,"22":3,"24":3,"25":3,"28":3,"31":3,"32":3,"33":3,"34":3,"36":3,"37":3,"40":3,"41":3,"42":3,"43":3,"45":3,"46":3,"47":3,"49":3},"branchMap":{"0":{"type":"branch","line":8,"loc":{"start":{"line":8,"column":0},"end":{"line":50,"column":1}},"locations":[{"start":{"line":8,"column":0},"end":{"line":50,"column":1}}]},"1":{"type":"branch","line":20,"loc":{"start":{"line":20,"column":25},"end":{"line":20,"column":56}},"locations":[{"start":{"line":20,"column":25},"end":{"line":20,"column":56}}]}},"b":{"0":[3],"1":[1]},"fnMap":{"0":{"name":"App","decl":{"start":{"line":8,"column":0},"end":{"line":50,"column":1}},"loc":{"start":{"line":8,"column":0},"end":{"line":50,"column":1}},"line":8},"1":{"name":"onClick","decl":{"start":{"line":20,"column":25},"end":{"line":20,"column":56}},"loc":{"start":{"line":20,"column":25},"end":{"line":20,"column":56}},"line":20},"2":{"name":"onClick","decl":{"start":{"line":23,"column":25},"end":{"line":23,"column":47}},"loc":{"start":{"line":23,"column":25},"end":{"line":23,"column":47}},"line":23},"3":{"name":"onClose","decl":{"start":{"line":34,"column":17},"end":{"line":34,"column":37}},"loc":{"start":{"line":34,"column":17},"end":{"line":34,"column":37}},"line":34},"4":{"name":"onSuccessClose","decl":{"start":{"line":37,"column":46},"end":{"line":37,"column":67}},"loc":{"start":{"line":37,"column":46},"end":{"line":37,"column":67}},"line":37},"5":{"name":"onClose","decl":{"start":{"line":43,"column":17},"end":{"line":43,"column":37}},"loc":{"start":{"line":43,"column":17},"end":{"line":43,"column":37}},"line":43},"6":{"name":"onSuccessClose","decl":{"start":{"line":46,"column":37},"end":{"line":46,"column":58}},"loc":{"start":{"line":46,"column":37},"end":{"line":46,"column":58}},"line":46}},"f":{"0":3,"1":1,"2":0,"3":0,"4":0,"5":0,"6":0}}
,"/Users/natalya/Desktop/RSSchool-react/rss-react/forms/src/main.tsx": {"path":"/Users/natalya/Desktop/RSSchool-react/rss-react/forms/src/main.tsx","all":true,"statementMap":{"0":{"start":{"line":1,"column":0},"end":{"line":1,"column":25}},"1":{"start":{"line":2,"column":0},"end":{"line":2,"column":39}},"2":{"start":{"line":3,"column":0},"end":{"line":3,"column":38}},"3":{"start":{"line":4,"column":0},"end":{"line":4,"column":23}},"4":{"start":{"line":5,"column":0},"end":{"line":5,"column":37}},"5":{"start":{"line":6,"column":0},"end":{"line":6,"column":20}},"7":{"start":{"line":8,"column":0},"end":{"line":8,"column":61}},"8":{"start":{"line":9,"column":0},"end":{"line":9,"column":20}},"9":{"start":{"line":10,"column":0},"end":{"line":10,"column":28}},"10":{"start":{"line":11,"column":0},"end":{"line":11,"column":13}},"11":{"start":{"line":12,"column":0},"end":{"line":12,"column":15}},"12":{"start":{"line":13,"column":0},"end":{"line":13,"column":21}},"13":{"start":{"line":14,"column":0},"end":{"line":14,"column":1}}},"s":{"0":0,"1":0,"2":0,"3":0,"4":0,"5":0,"7":0,"8":0,"9":0,"10":0,"11":0,"12":0,"13":0},"branchMap":{"0":{"type":"branch","line":1,"loc":{"start":{"line":1,"column":307},"end":{"line":14,"column":-249}},"locations":[{"start":{"line":1,"column":307},"end":{"line":14,"column":-249}}]}},"b":{"0":[0]},"fnMap":{"0":{"name":"(empty-report)","decl":{"start":{"line":1,"column":307},"end":{"line":14,"column":-249}},"loc":{"start":{"line":1,"column":307},"end":{"line":14,"column":-249}},"line":1}},"f":{"0":0}}
,"/Users/natalya/Desktop/RSSchool-react/rss-react/forms/src/components/Card.tsx": {"path":"/Users/natalya/Desktop/RSSchool-react/rss-react/forms/src/components/Card.tsx","all":false,"statementMap":{"2":{"start":{"line":3,"column":0},"end":{"line":3,"column":56}},"3":{"start":{"line":4,"column":0},"end":{"line":4,"column":10}},"4":{"start":{"line":5,"column":0},"end":{"line":5,"column":26}},"5":{"start":{"line":6,"column":0},"end":{"line":6,"column":10}},"6":{"start":{"line":7,"column":0},"end":{"line":7,"column":51}},"7":{"start":{"line":8,"column":0},"end":{"line":8,"column":49}},"8":{"start":{"line":9,"column":0},"end":{"line":9,"column":53}},"9":{"start":{"line":10,"column":0},"end":{"line":10,"column":55}},"10":{"start":{"line":11,"column":0},"end":{"line":11,"column":57}},"11":{"start":{"line":12,"column":0},"end":{"line":12,"column":11}},"12":{"start":{"line":13,"column":0},"end":{"line":13,"column":28}},"13":{"start":{"line":14,"column":0},"end":{"line":14,"column":79}},"15":{"start":{"line":16,"column":0},"end":{"line":16,"column":10}},"17":{"start":{"line":18,"column":0},"end":{"line":18,"column":1}}},"s":{"2":1,"3":3,"4":3,"5":3,"6":3,"7":3,"8":3,"9":3,"10":3,"11":3,"12":3,"13":2,"15":3,"17":3},"branchMap":{"0":{"type":"branch","line":3,"loc":{"start":{"line":3,"column":7},"end":{"line":18,"column":1}},"locations":[{"start":{"line":3,"column":7},"end":{"line":18,"column":1}}]},"1":{"type":"branch","line":13,"loc":{"start":{"line":13,"column":12},"end":{"line":14,"column":79}},"locations":[{"start":{"line":13,"column":12},"end":{"line":14,"column":79}}]}},"b":{"0":[3],"1":[2]},"fnMap":{"0":{"name":"Card","decl":{"start":{"line":3,"column":7},"end":{"line":18,"column":1}},"loc":{"start":{"line":3,"column":7},"end":{"line":18,"column":1}},"line":3}},"f":{"0":3}}
,"/Users/natalya/Desktop/RSSchool-react/rss-react/forms/src/components/CountryAutocomplete.tsx": {"path":"/Users/natalya/Desktop/RSSchool-react/rss-react/forms/src/components/CountryAutocomplete.tsx","all":false,"statementMap":{"0":{"start":{"line":1,"column":0},"end":{"line":1,"column":29}},"1":{"start":{"line":2,"column":0},"end":{"line":2,"column":41}},"13":{"start":{"line":14,"column":0},"end":{"line":14,"column":100}},"14":{"start":{"line":15,"column":0},"end":{"line":15,"column":22}},"15":{"start":{"line":16,"column":0},"end":{"line":16,"column":66}},"17":{"start":{"line":18,"column":0},"end":{"line":18,"column":8}},"18":{"start":{"line":19,"column":0},"end":{"line":19,"column":23}},"19":{"start":{"line":20,"column":0},"end":{"line":20,"column":43}},"20":{"start":{"line":21,"column":0},"end":{"line":21,"column":6}},"21":{"start":{"line":22,"column":0},"end":{"line":22,"column":15}},"22":{"start":{"line":23,"column":0},"end":{"line":23,"column":11}},"23":{"start":{"line":24,"column":0},"end":{"line":24,"column":13}},"24":{"start":{"line":25,"column":0},"end":{"line":25,"column":13}},"25":{"start":{"line":26,"column":0},"end":{"line":26,"column":42}},"26":{"start":{"line":27,"column":0},"end":{"line":27,"column":27}},"27":{"start":{"line":28,"column":0},"end":{"line":28,"column":19}},"28":{"start":{"line":29,"column":0},"end":{"line":29,"column":2}},"29":{"start":{"line":30,"column":0},"end":{"line":30,"column":22}},"30":{"start":{"line":31,"column":0},"end":{"line":31,"column":21}},"31":{"start":{"line":32,"column":0},"end":{"line":32,"column":28}},"32":{"start":{"line":33,"column":0},"end":{"line":33,"column":3}},"33":{"start":{"line":34,"column":0},"end":{"line":34,"column":11}},"34":{"start":{"line":35,"column":0},"end":{"line":35,"column":44}},"35":{"start":{"line":36,"column":0},"end":{"line":36,"column":6}},"37":{"start":{"line":38,"column":0},"end":{"line":38,"column":1}}},"s":{"0":1,"1":1,"13":3,"14":3,"15":3,"17":3,"18":3,"19":3,"20":3,"21":3,"22":3,"23":3,"24":3,"25":3,"26":3,"27":3,"28":3,"29":3,"30":3,"31":9,"32":3,"33":3,"34":3,"35":3,"37":3},"branchMap":{"0":{"type":"branch","line":14,"loc":{"start":{"line":14,"column":0},"end":{"line":38,"column":1}},"locations":[{"start":{"line":14,"column":0},"end":{"line":38,"column":1}}]},"1":{"type":"branch","line":16,"loc":{"start":{"line":16,"column":30},"end":{"line":16,"column":65}},"locations":[{"start":{"line":16,"column":30},"end":{"line":16,"column":65}}]},"2":{"type":"branch","line":26,"loc":{"start":{"line":26,"column":10},"end":{"line":26,"column":42}},"locations":[{"start":{"line":26,"column":10},"end":{"line":26,"column":42}}]},"3":{"type":"branch","line":31,"loc":{"start":{"line":31,"column":15},"end":{"line":32,"column":28}},"locations":[{"start":{"line":31,"column":15},"end":{"line":32,"column":28}}]}},"b":{"0":[3],"1":[6],"2":[1],"3":[9]},"fnMap":{"0":{"name":"CountryAutocomplete","decl":{"start":{"line":14,"column":0},"end":{"line":38,"column":1}},"loc":{"start":{"line":14,"column":0},"end":{"line":38,"column":1}},"line":14},"1":{"name":"onChange","decl":{"start":{"line":26,"column":10},"end":{"line":26,"column":42}},"loc":{"start":{"line":26,"column":10},"end":{"line":26,"column":42}},"line":26}},"f":{"0":3,"1":1}}
,"/Users/natalya/Desktop/RSSchool-react/rss-react/forms/src/components/Modal.tsx": {"path":"/Users/natalya/Desktop/RSSchool-react/rss-react/forms/src/components/Modal.tsx","all":false,"statementMap":{"0":{"start":{"line":1,"column":0},"end":{"line":1,"column":41}},"1":{"start":{"line":2,"column":0},"end":{"line":2,"column":40}},"11":{"start":{"line":12,"column":0},"end":{"line":12,"column":85}},"12":{"start":{"line":13,"column":0},"end":{"line":13,"column":55}},"13":{"start":{"line":14,"column":0},"end":{"line":14,"column":58}},"16":{"start":{"line":17,"column":0},"end":{"line":17,"column":17}},"17":{"start":{"line":18,"column":0},"end":{"line":18,"column":19}},"20":{"start":{"line":21,"column":0},"end":{"line":21,"column":65}},"23":{"start":{"line":24,"column":0},"end":{"line":24,"column":41}},"24":{"start":{"line":25,"column":0},"end":{"line":25,"column":33}},"25":{"start":{"line":26,"column":0},"end":{"line":26,"column":33}},"26":{"start":{"line":27,"column":0},"end":{"line":27,"column":1}},"28":{"start":{"line":29,"column":0},"end":{"line":29,"column":47}},"30":{"start":{"line":31,"column":0},"end":{"line":31,"column":86}},"31":{"start":{"line":32,"column":0},"end":{"line":32,"column":12}},"32":{"start":{"line":33,"column":0},"end":{"line":33,"column":38}},"33":{"start":{"line":34,"column":0},"end":{"line":34,"column":33}},"34":{"start":{"line":35,"column":0},"end":{"line":35,"column":1}},"37":{"start":{"line":38,"column":0},"end":{"line":38,"column":14}},"38":{"start":{"line":39,"column":0},"end":{"line":39,"column":50}},"39":{"start":{"line":40,"column":0},"end":{"line":40,"column":34}},"40":{"start":{"line":41,"column":0},"end":{"line":41,"column":1}},"41":{"start":{"line":42,"column":0},"end":{"line":42,"column":21}},"43":{"start":{"line":44,"column":0},"end":{"line":44,"column":66}},"44":{"start":{"line":45,"column":0},"end":{"line":45,"column":47}},"45":{"start":{"line":46,"column":0},"end":{"line":46,"column":1}},"48":{"start":{"line":49,"column":0},"end":{"line":49,"column":24}},"51":{"start":{"line":52,"column":0},"end":{"line":52,"column":20}},"52":{"start":{"line":53,"column":0},"end":{"line":53,"column":4}},"53":{"start":{"line":54,"column":0},"end":{"line":54,"column":20}},"54":{"start":{"line":55,"column":0},"end":{"line":55,"column":17}},"55":{"start":{"line":56,"column":0},"end":{"line":56,"column":29}},"56":{"start":{"line":57,"column":0},"end":{"line":57,"column":21}},"58":{"start":{"line":59,"column":0},"end":{"line":59,"column":4}},"59":{"start":{"line":60,"column":0},"end":{"line":60,"column":16}},"60":{"start":{"line":61,"column":0},"end":{"line":61,"column":13}},"61":{"start":{"line":62,"column":0},"end":{"line":62,"column":17}},"62":{"start":{"line":63,"column":0},"end":{"line":63,"column":22}},"63":{"start":{"line":64,"column":0},"end":{"line":64,"column":10}},"65":{"start":{"line":66,"column":0},"end":{"line":66,"column":79}},"66":{"start":{"line":67,"column":0},"end":{"line":67,"column":10}},"67":{"start":{"line":68,"column":0},"end":{"line":68,"column":6}},"68":{"start":{"line":69,"column":0},"end":{"line":69,"column":7}},"69":{"start":{"line":70,"column":0},"end":{"line":70,"column":52}},"70":{"start":{"line":71,"column":0},"end":{"line":71,"column":1}},"71":{"start":{"line":72,"column":0},"end":{"line":72,"column":1}},"74":{"start":{"line":75,"column":0},"end":{"line":75,"column":62}},"75":{"start":{"line":76,"column":0},"end":{"line":76,"column":19}},"76":{"start":{"line":77,"column":0},"end":{"line":77,"column":85}},"77":{"start":{"line":78,"column":0},"end":{"line":78,"column":1}},"78":{"start":{"line":79,"column":0},"end":{"line":79,"column":84}},"79":{"start":{"line":80,"column":0},"end":{"line":80,"column":53}},"80":{"start":{"line":81,"column":0},"end":{"line":81,"column":1}},"82":{"start":{"line":83,"column":0},"end":{"line":83,"column":38}},"83":{"start":{"line":84,"column":0},"end":{"line":84,"column":74}},"84":{"start":{"line":85,"column":0},"end":{"line":85,"column":18}},"85":{"start":{"line":86,"column":0},"end":{"line":86,"column":38}},"86":{"start":{"line":87,"column":0},"end":{"line":87,"column":35}},"87":{"start":{"line":88,"column":0},"end":{"line":88,"column":27}},"88":{"start":{"line":89,"column":0},"end":{"line":89,"column":46}},"89":{"start":{"line":90,"column":0},"end":{"line":90,"column":52}},"92":{"start":{"line":93,"column":0},"end":{"line":93,"column":17}},"93":{"start":{"line":94,"column":0},"end":{"line":94,"column":23}},"94":{"start":{"line":95,"column":0},"end":{"line":95,"column":18}},"95":{"start":{"line":96,"column":0},"end":{"line":96,"column":12}},"96":{"start":{"line":97,"column":0},"end":{"line":97,"column":1}},"97":{"start":{"line":98,"column":0},"end":{"line":98,"column":8}},"98":{"start":{"line":99,"column":0},"end":{"line":99,"column":22}},"99":{"start":{"line":100,"column":0},"end":{"line":100,"column":18}},"100":{"start":{"line":101,"column":0},"end":{"line":101,"column":13}},"101":{"start":{"line":102,"column":0},"end":{"line":102,"column":1}},"102":{"start":{"line":103,"column":0},"end":{"line":103,"column":1}},"103":{"start":{"line":104,"column":0},"end":{"line":104,"column":1}}},"s":{"0":1,"1":1,"11":10,"12":10,"13":10,"16":10,"17":10,"20":4,"23":4,"24":1,"25":1,"26":1,"28":4,"30":10,"31":10,"32":4,"33":4,"34":4,"37":4,"38":4,"39":4,"40":4,"41":10,"43":10,"44":1,"45":1,"48":10,"51":4,"52":4,"53":4,"54":4,"55":4,"56":4,"58":4,"59":4,"60":4,"61":4,"62":4,"63":4,"65":4,"66":4,"67":4,"68":4,"69":4,"70":4,"71":4,"74":4,"75":4,"76":4,"77":4,"78":4,"79":4,"80":4,"82":0,"83":0,"84":0,"85":0,"86":0,"87":0,"88":0,"89":0,"92":0,"93":0,"94":0,"95":0,"96":0,"97":0,"98":0,"99":0,"100":0,"101":0,"102":0,"103":0},"branchMap":{"0":{"type":"branch","line":12,"loc":{"start":{"line":12,"column":0},"end":{"line":72,"column":1}},"locations":[{"start":{"line":12,"column":0},"end":{"line":72,"column":1}}]},"1":{"type":"branch","line":49,"loc":{"start":{"line":49,"column":13},"end":{"line":49,"column":24}},"locations":[{"start":{"line":49,"column":13},"end":{"line":49,"column":24}}]},"2":{"type":"branch","line":49,"loc":{"start":{"line":49,"column":20},"end":{"line":72,"column":1}},"locations":[{"start":{"line":49,"column":20},"end":{"line":72,"column":1}}]},"3":{"type":"branch","line":17,"loc":{"start":{"line":17,"column":10},"end":{"line":42,"column":3}},"locations":[{"start":{"line":17,"column":10},"end":{"line":42,"column":3}}]},"4":{"type":"branch","line":18,"loc":{"start":{"line":18,"column":13},"end":{"line":18,"column":19}},"locations":[{"start":{"line":18,"column":13},"end":{"line":18,"column":19}}]},"5":{"type":"branch","line":18,"loc":{"start":{"line":18,"column":13},"end":{"line":31,"column":49}},"locations":[{"start":{"line":18,"column":13},"end":{"line":31,"column":49}}]},"6":{"type":"branch","line":32,"loc":{"start":{"line":32,"column":11},"end":{"line":41,"column":1}},"locations":[{"start":{"line":32,"column":11},"end":{"line":41,"column":1}}]},"7":{"type":"branch","line":34,"loc":{"start":{"line":34,"column":14},"end":{"line":34,"column":26}},"locations":[{"start":{"line":34,"column":14},"end":{"line":34,"column":26}}]},"8":{"type":"branch","line":24,"loc":{"start":{"line":24,"column":18},"end":{"line":27,"column":1}},"locations":[{"start":{"line":24,"column":18},"end":{"line":27,"column":1}}]},"9":{"type":"branch","line":26,"loc":{"start":{"line":26,"column":21},"end":{"line":26,"column":33}},"locations":[{"start":{"line":26,"column":21},"end":{"line":26,"column":33}}]},"10":{"type":"branch","line":38,"loc":{"start":{"line":38,"column":7},"end":{"line":41,"column":1}},"locations":[{"start":{"line":38,"column":7},"end":{"line":41,"column":1}}]},"11":{"type":"branch","line":44,"loc":{"start":{"line":44,"column":24},"end":{"line":46,"column":1}},"locations":[{"start":{"line":44,"column":24},"end":{"line":46,"column":1}}]},"12":{"type":"branch","line":75,"loc":{"start":{"line":75,"column":0},"end":{"line":81,"column":1}},"locations":[{"start":{"line":75,"column":0},"end":{"line":81,"column":1}}]},"13":{"type":"branch","line":80,"loc":{"start":{"line":80,"column":18},"end":{"line":80,"column":52}},"locations":[{"start":{"line":80,"column":18},"end":{"line":80,"column":52}}]}},"b":{"0":[10],"1":[6],"2":[4],"3":[10],"4":[6],"5":[4],"6":[4],"7":[0],"8":[1],"9":[0],"10":[4],"11":[1],"12":[4],"13":[16]},"fnMap":{"0":{"name":"Modal","decl":{"start":{"line":12,"column":0},"end":{"line":72,"column":1}},"loc":{"start":{"line":12,"column":0},"end":{"line":72,"column":1}},"line":12},"1":{"name":"handleKey","decl":{"start":{"line":24,"column":18},"end":{"line":27,"column":1}},"loc":{"start":{"line":24,"column":18},"end":{"line":27,"column":1}},"line":24},"2":{"name":"onBackdropClick","decl":{"start":{"line":44,"column":24},"end":{"line":46,"column":1}},"loc":{"start":{"line":44,"column":24},"end":{"line":46,"column":1}},"line":44},"3":{"name":"getFocusable","decl":{"start":{"line":75,"column":0},"end":{"line":81,"column":1}},"loc":{"start":{"line":75,"column":0},"end":{"line":81,"column":1}},"line":75},"4":{"name":"trapFocus","decl":{"start":{"line":83,"column":0},"end":{"line":104,"column":1}},"loc":{"start":{"line":83,"column":0},"end":{"line":104,"column":1}},"line":83}},"f":{"0":10,"1":1,"2":1,"3":4,"4":0}}
,"/Users/natalya/Desktop/RSSchool-react/rss-react/forms/src/forms/RHFUserForm.tsx": {"path":"/Users/natalya/Desktop/RSSchool-react/rss-react/forms/src/forms/RHFUserForm.tsx","all":false,"statementMap":{"0":{"start":{"line":1,"column":0},"end":{"line":1,"column":33}},"2":{"start":{"line":3,"column":0},"end":{"line":3,"column":89}},"3":{"start":{"line":4,"column":0},"end":{"line":4,"column":68}},"4":{"start":{"line":5,"column":0},"end":{"line":5,"column":1}}},"s":{"0":1,"2":1,"3":1,"4":1},"branchMap":{"0":{"type":"branch","line":3,"loc":{"start":{"line":3,"column":0},"end":{"line":5,"column":1}},"locations":[{"start":{"line":3,"column":0},"end":{"line":5,"column":1}}]}},"b":{"0":[1]},"fnMap":{"0":{"name":"RHFUserForm","decl":{"start":{"line":3,"column":0},"end":{"line":5,"column":1}},"loc":{"start":{"line":3,"column":0},"end":{"line":5,"column":1}},"line":3}},"f":{"0":1}}
,"/Users/natalya/Desktop/RSSchool-react/rss-react/forms/src/forms/UncontrolledUserForm.tsx": {"path":"/Users/natalya/Desktop/RSSchool-react/rss-react/forms/src/forms/UncontrolledUserForm.tsx","all":false,"statementMap":{"0":{"start":{"line":1,"column":0},"end":{"line":1,"column":33}},"2":{"start":{"line":3,"column":0},"end":{"line":3,"column":98}},"3":{"start":{"line":4,"column":0},"end":{"line":4,"column":77}},"4":{"start":{"line":5,"column":0},"end":{"line":5,"column":1}}},"s":{"0":1,"2":2,"3":2,"4":2},"branchMap":{"0":{"type":"branch","line":3,"loc":{"start":{"line":3,"column":0},"end":{"line":5,"column":1}},"locations":[{"start":{"line":3,"column":0},"end":{"line":5,"column":1}}]}},"b":{"0":[2]},"fnMap":{"0":{"name":"UncontrolledUserForm","decl":{"start":{"line":3,"column":0},"end":{"line":5,"column":1}},"loc":{"start":{"line":3,"column":0},"end":{"line":5,"column":1}},"line":3}},"f":{"0":2}}
,"/Users/natalya/Desktop/RSSchool-react/rss-react/forms/src/forms/UserForm.tsx": {"path":"/Users/natalya/Desktop/RSSchool-react/rss-react/forms/src/forms/UserForm.tsx","all":false,"statementMap":{"2":{"start":{"line":3,"column":0},"end":{"line":3,"column":41}},"3":{"start":{"line":4,"column":0},"end":{"line":4,"column":53}},"4":{"start":{"line":5,"column":0},"end":{"line":5,"column":54}},"5":{"start":{"line":6,"column":0},"end":{"line":6,"column":32}},"7":{"start":{"line":8,"column":0},"end":{"line":8,"column":82}},"9":{"start":{"line":10,"column":0},"end":{"line":10,"column":57}},"10":{"start":{"line":11,"column":0},"end":{"line":11,"column":52}},"17":{"start":{"line":18,"column":0},"end":{"line":18,"column":71}},"18":{"start":{"line":19,"column":0},"end":{"line":19,"column":32}},"19":{"start":{"line":20,"column":0},"end":{"line":20,"column":76}},"21":{"start":{"line":22,"column":0},"end":{"line":22,"column":61}},"23":{"start":{"line":24,"column":0},"end":{"line":24,"column":97}},"24":{"start":{"line":25,"column":0},"end":{"line":25,"column":34}},"25":{"start":{"line":26,"column":0},"end":{"line":26,"column":21}},"26":{"start":{"line":27,"column":0},"end":{"line":27,"column":4}},"28":{"start":{"line":29,"column":0},"end":{"line":29,"column":48}},"29":{"start":{"line":30,"column":0},"end":{"line":30,"column":41}},"30":{"start":{"line":31,"column":0},"end":{"line":31,"column":38}},"31":{"start":{"line":32,"column":0},"end":{"line":32,"column":53}},"32":{"start":{"line":33,"column":0},"end":{"line":33,"column":29}},"33":{"start":{"line":34,"column":0},"end":{"line":34,"column":5}},"35":{"start":{"line":36,"column":0},"end":{"line":36,"column":38}},"36":{"start":{"line":37,"column":0},"end":{"line":37,"column":14}},"37":{"start":{"line":38,"column":0},"end":{"line":38,"column":18}},"38":{"start":{"line":39,"column":0},"end":{"line":39,"column":5}},"40":{"start":{"line":41,"column":0},"end":{"line":41,"column":57}},"41":{"start":{"line":42,"column":0},"end":{"line":42,"column":11}},"42":{"start":{"line":43,"column":0},"end":{"line":43,"column":20}},"43":{"start":{"line":44,"column":0},"end":{"line":44,"column":3}},"45":{"start":{"line":46,"column":0},"end":{"line":46,"column":10}},"46":{"start":{"line":47,"column":0},"end":{"line":47,"column":61}},"47":{"start":{"line":48,"column":0},"end":{"line":48,"column":29}},"48":{"start":{"line":49,"column":0},"end":{"line":49,"column":42}},"49":{"start":{"line":50,"column":0},"end":{"line":50,"column":49}},"50":{"start":{"line":51,"column":0},"end":{"line":51,"column":55}},"51":{"start":{"line":52,"column":0},"end":{"line":52,"column":12}},"53":{"start":{"line":54,"column":0},"end":{"line":54,"column":29}},"54":{"start":{"line":55,"column":0},"end":{"line":55,"column":40}},"55":{"start":{"line":56,"column":0},"end":{"line":56,"column":61}},"56":{"start":{"line":57,"column":0},"end":{"line":57,"column":54}},"57":{"start":{"line":58,"column":0},"end":{"line":58,"column":12}},"59":{"start":{"line":60,"column":0},"end":{"line":60,"column":29}},"60":{"start":{"line":61,"column":0},"end":{"line":61,"column":44}},"61":{"start":{"line":62,"column":0},"end":{"line":62,"column":64}},"62":{"start":{"line":63,"column":0},"end":{"line":63,"column":56}},"63":{"start":{"line":64,"column":0},"end":{"line":64,"column":12}},"65":{"start":{"line":66,"column":0},"end":{"line":66,"column":29}},"66":{"start":{"line":67,"column":0},"end":{"line":67,"column":59}},"67":{"start":{"line":68,"column":0},"end":{"line":68,"column":78}},"68":{"start":{"line":69,"column":0},"end":{"line":69,"column":63}},"69":{"start":{"line":70,"column":0},"end":{"line":70,"column":12}},"71":{"start":{"line":72,"column":0},"end":{"line":72,"column":29}},"72":{"start":{"line":73,"column":0},"end":{"line":73,"column":50}},"73":{"start":{"line":74,"column":0},"end":{"line":74,"column":73}},"74":{"start":{"line":75,"column":0},"end":{"line":75,"column":59}},"75":{"start":{"line":76,"column":0},"end":{"line":76,"column":12}},"77":{"start":{"line":78,"column":0},"end":{"line":78,"column":29}},"78":{"start":{"line":79,"column":0},"end":{"line":79,"column":65}},"79":{"start":{"line":80,"column":0},"end":{"line":80,"column":87}},"80":{"start":{"line":81,"column":0},"end":{"line":81,"column":66}},"81":{"start":{"line":82,"column":0},"end":{"line":82,"column":12}},"83":{"start":{"line":84,"column":0},"end":{"line":84,"column":34}},"84":{"start":{"line":85,"column":0},"end":{"line":85,"column":31}},"85":{"start":{"line":86,"column":0},"end":{"line":86,"column":87}},"86":{"start":{"line":87,"column":0},"end":{"line":87,"column":91}},"87":{"start":{"line":88,"column":0},"end":{"line":88,"column":57}},"88":{"start":{"line":89,"column":0},"end":{"line":89,"column":17}},"90":{"start":{"line":91,"column":0},"end":{"line":91,"column":29}},"91":{"start":{"line":92,"column":0},"end":{"line":92,"column":48}},"92":{"start":{"line":93,"column":0},"end":{"line":93,"column":72}},"93":{"start":{"line":94,"column":0},"end":{"line":94,"column":33}},"94":{"start":{"line":95,"column":0},"end":{"line":95,"column":60}},"95":{"start":{"line":96,"column":0},"end":{"line":96,"column":19}},"96":{"start":{"line":97,"column":0},"end":{"line":97,"column":58}},"97":{"start":{"line":98,"column":0},"end":{"line":98,"column":12}},"99":{"start":{"line":100,"column":0},"end":{"line":100,"column":29}},"100":{"start":{"line":101,"column":0},"end":{"line":101,"column":51}},"101":{"start":{"line":102,"column":0},"end":{"line":102,"column":94}},"102":{"start":{"line":103,"column":0},"end":{"line":103,"column":76}},"103":{"start":{"line":104,"column":0},"end":{"line":104,"column":66}},"104":{"start":{"line":105,"column":0},"end":{"line":105,"column":12}},"106":{"start":{"line":107,"column":0},"end":{"line":107,"column":29}},"107":{"start":{"line":108,"column":0},"end":{"line":108,"column":15}},"108":{"start":{"line":109,"column":0},"end":{"line":109,"column":86}},"109":{"start":{"line":110,"column":0},"end":{"line":110,"column":16}},"110":{"start":{"line":111,"column":0},"end":{"line":111,"column":56}},"111":{"start":{"line":112,"column":0},"end":{"line":112,"column":12}},"113":{"start":{"line":114,"column":0},"end":{"line":114,"column":63}},"114":{"start":{"line":115,"column":0},"end":{"line":115,"column":11}},"116":{"start":{"line":117,"column":0},"end":{"line":117,"column":1}}},"s":{"2":1,"3":1,"4":1,"5":1,"7":1,"9":1,"10":1,"17":6,"18":6,"19":6,"21":6,"23":6,"24":6,"25":6,"26":6,"28":6,"29":0,"30":0,"31":0,"32":0,"33":0,"35":0,"36":0,"37":0,"38":0,"40":0,"41":0,"42":0,"43":0,"45":6,"46":6,"47":6,"48":6,"49":6,"50":6,"51":6,"53":6,"54":6,"55":6,"56":6,"57":6,"59":6,"60":6,"61":6,"62":6,"63":6,"65":6,"66":6,"67":6,"68":6,"69":6,"71":6,"72":6,"73":6,"74":6,"75":6,"77":6,"78":6,"79":6,"80":6,"81":6,"83":6,"84":6,"85":6,"86":6,"87":6,"88":6,"90":6,"91":6,"92":6,"93":6,"94":6,"95":6,"96":6,"97":6,"99":6,"100":6,"101":6,"102":6,"103":6,"104":6,"106":6,"107":6,"108":6,"109":6,"110":6,"111":6,"113":6,"114":6,"116":6},"branchMap":{"0":{"type":"branch","line":18,"loc":{"start":{"line":18,"column":0},"end":{"line":117,"column":1}},"locations":[{"start":{"line":18,"column":0},"end":{"line":117,"column":1}}]},"1":{"type":"branch","line":51,"loc":{"start":{"line":51,"column":37},"end":{"line":51,"column":51}},"locations":[{"start":{"line":51,"column":37},"end":{"line":51,"column":51}}]},"2":{"type":"branch","line":57,"loc":{"start":{"line":57,"column":37},"end":{"line":57,"column":50}},"locations":[{"start":{"line":57,"column":37},"end":{"line":57,"column":50}}]},"3":{"type":"branch","line":63,"loc":{"start":{"line":63,"column":37},"end":{"line":63,"column":52}},"locations":[{"start":{"line":63,"column":37},"end":{"line":63,"column":52}}]},"4":{"type":"branch","line":69,"loc":{"start":{"line":69,"column":37},"end":{"line":69,"column":59}},"locations":[{"start":{"line":69,"column":37},"end":{"line":69,"column":59}}]},"5":{"type":"branch","line":75,"loc":{"start":{"line":75,"column":37},"end":{"line":75,"column":55}},"locations":[{"start":{"line":75,"column":37},"end":{"line":75,"column":55}}]},"6":{"type":"branch","line":81,"loc":{"start":{"line":81,"column":37},"end":{"line":81,"column":62}},"locations":[{"start":{"line":81,"column":37},"end":{"line":81,"column":62}}]},"7":{"type":"branch","line":88,"loc":{"start":{"line":88,"column":37},"end":{"line":88,"column":53}},"locations":[{"start":{"line":88,"column":37},"end":{"line":88,"column":53}}]},"8":{"type":"branch","line":97,"loc":{"start":{"line":97,"column":37},"end":{"line":97,"column":54}},"locations":[{"start":{"line":97,"column":37},"end":{"line":97,"column":54}}]},"9":{"type":"branch","line":103,"loc":{"start":{"line":103,"column":9},"end":{"line":103,"column":76}},"locations":[{"start":{"line":103,"column":9},"end":{"line":103,"column":76}}]},"10":{"type":"branch","line":104,"loc":{"start":{"line":104,"column":37},"end":{"line":104,"column":62}},"locations":[{"start":{"line":104,"column":37},"end":{"line":104,"column":62}}]},"11":{"type":"branch","line":111,"loc":{"start":{"line":111,"column":37},"end":{"line":111,"column":52}},"locations":[{"start":{"line":111,"column":37},"end":{"line":111,"column":52}}]},"12":{"type":"branch","line":20,"loc":{"start":{"line":20,"column":32},"end":{"line":20,"column":75}},"locations":[{"start":{"line":20,"column":32},"end":{"line":20,"column":75}}]},"13":{"type":"branch","line":95,"loc":{"start":{"line":95,"column":25},"end":{"line":95,"column":58}},"locations":[{"start":{"line":95,"column":25},"end":{"line":95,"column":58}}]}},"b":{"0":[6],"1":[0],"2":[0],"3":[0],"4":[0],"5":[0],"6":[0],"7":[0],"8":[0],"9":[0],"10":[0],"11":[0],"12":[9],"13":[30]},"fnMap":{"0":{"name":"UserForm","decl":{"start":{"line":18,"column":0},"end":{"line":117,"column":1}},"loc":{"start":{"line":18,"column":0},"end":{"line":117,"column":1}},"line":18},"1":{"name":"onSubmit","decl":{"start":{"line":29,"column":19},"end":{"line":44,"column":3}},"loc":{"start":{"line":29,"column":19},"end":{"line":44,"column":3}},"line":29}},"f":{"0":6,"1":0}}
,"/Users/natalya/Desktop/RSSchool-react/rss-react/forms/src/pages/Home.tsx": {"path":"/Users/natalya/Desktop/RSSchool-react/rss-react/forms/src/pages/Home.tsx","all":false,"statementMap":{"0":{"start":{"line":1,"column":0},"end":{"line":1,"column":41}},"2":{"start":{"line":3,"column":0},"end":{"line":3,"column":41}},"4":{"start":{"line":5,"column":0},"end":{"line":5,"column":32}},"5":{"start":{"line":6,"column":0},"end":{"line":6,"column":81}},"6":{"start":{"line":7,"column":0},"end":{"line":7,"column":29}},"7":{"start":{"line":8,"column":0},"end":{"line":8,"column":3}},"9":{"start":{"line":10,"column":0},"end":{"line":10,"column":24}},"10":{"start":{"line":11,"column":0},"end":{"line":11,"column":75}},"11":{"start":{"line":12,"column":0},"end":{"line":12,"column":83}},"13":{"start":{"line":14,"column":0},"end":{"line":14,"column":10}},"14":{"start":{"line":15,"column":0},"end":{"line":15,"column":10}},"15":{"start":{"line":16,"column":0},"end":{"line":16,"column":88}},"16":{"start":{"line":17,"column":0},"end":{"line":17,"column":25}},"17":{"start":{"line":18,"column":0},"end":{"line":18,"column":60}},"18":{"start":{"line":19,"column":0},"end":{"line":19,"column":16}},"20":{"start":{"line":21,"column":0},"end":{"line":21,"column":87}},"21":{"start":{"line":22,"column":0},"end":{"line":22,"column":34}},"22":{"start":{"line":23,"column":0},"end":{"line":23,"column":78}},"23":{"start":{"line":24,"column":0},"end":{"line":24,"column":16}},"24":{"start":{"line":25,"column":0},"end":{"line":25,"column":11}},"26":{"start":{"line":27,"column":0},"end":{"line":27,"column":1}}},"s":{"0":1,"2":1,"4":4,"5":4,"6":4,"7":4,"9":4,"10":4,"11":4,"13":4,"14":4,"15":4,"16":4,"17":4,"18":4,"20":4,"21":4,"22":4,"23":4,"24":4,"26":4},"branchMap":{"0":{"type":"branch","line":5,"loc":{"start":{"line":5,"column":0},"end":{"line":27,"column":1}},"locations":[{"start":{"line":5,"column":0},"end":{"line":27,"column":1}}]},"1":{"type":"branch","line":11,"loc":{"start":{"line":11,"column":39},"end":{"line":11,"column":75}},"locations":[{"start":{"line":11,"column":39},"end":{"line":11,"column":75}}]},"2":{"type":"branch","line":12,"loc":{"start":{"line":12,"column":38},"end":{"line":12,"column":83}},"locations":[{"start":{"line":12,"column":38},"end":{"line":12,"column":83}}]},"3":{"type":"branch","line":16,"loc":{"start":{"line":16,"column":34},"end":{"line":16,"column":63}},"locations":[{"start":{"line":16,"column":34},"end":{"line":16,"column":63}}]},"4":{"type":"branch","line":18,"loc":{"start":{"line":18,"column":9},"end":{"line":18,"column":45}},"locations":[{"start":{"line":18,"column":9},"end":{"line":18,"column":45}}]},"5":{"type":"branch","line":21,"loc":{"start":{"line":21,"column":34},"end":{"line":21,"column":62}},"locations":[{"start":{"line":21,"column":34},"end":{"line":21,"column":62}}]},"6":{"type":"branch","line":23,"loc":{"start":{"line":23,"column":9},"end":{"line":23,"column":63}},"locations":[{"start":{"line":23,"column":9},"end":{"line":23,"column":63}}]},"7":{"type":"branch","line":7,"loc":{"start":{"line":7,"column":4},"end":{"line":7,"column":29}},"locations":[{"start":{"line":7,"column":4},"end":{"line":7,"column":29}}]}},"b":{"0":[4],"1":[0],"2":[0],"3":[0],"4":[0],"5":[0],"6":[0],"7":[7]},"fnMap":{"0":{"name":"Home","decl":{"start":{"line":5,"column":0},"end":{"line":27,"column":1}},"loc":{"start":{"line":5,"column":0},"end":{"line":27,"column":1}},"line":5}},"f":{"0":4}}
,"/Users/natalya/Desktop/RSSchool-react/rss-react/forms/src/store/formSlice.ts": {"path":"/Users/natalya/Desktop/RSSchool-react/rss-react/forms/src/store/formSlice.ts","all":false,"statementMap":{"0":{"start":{"line":1,"column":0},"end":{"line":1,"column":66}},"26":{"start":{"line":27,"column":0},"end":{"line":27,"column":33}},"27":{"start":{"line":28,"column":0},"end":{"line":28,"column":25}},"28":{"start":{"line":29,"column":0},"end":{"line":29,"column":16}},"29":{"start":{"line":30,"column":0},"end":{"line":30,"column":66}},"30":{"start":{"line":31,"column":0},"end":{"line":31,"column":23}},"31":{"start":{"line":32,"column":0},"end":{"line":32,"column":20}},"32":{"start":{"line":33,"column":0},"end":{"line":33,"column":1}},"34":{"start":{"line":35,"column":0},"end":{"line":35,"column":31}},"35":{"start":{"line":36,"column":0},"end":{"line":36,"column":16}},"36":{"start":{"line":37,"column":0},"end":{"line":37,"column":15}},"37":{"start":{"line":38,"column":0},"end":{"line":38,"column":13}},"38":{"start":{"line":39,"column":0},"end":{"line":39,"column":18}},"39":{"start":{"line":40,"column":0},"end":{"line":40,"column":12}},"40":{"start":{"line":41,"column":0},"end":{"line":41,"column":71}},"41":{"start":{"line":42,"column":0},"end":{"line":42,"column":10}},"42":{"start":{"line":43,"column":0},"end":{"line":43,"column":55}},"43":{"start":{"line":44,"column":0},"end":{"line":44,"column":52}},"44":{"start":{"line":45,"column":0},"end":{"line":45,"column":14}},"45":{"start":{"line":46,"column":0},"end":{"line":46,"column":43}},"46":{"start":{"line":47,"column":0},"end":{"line":47,"column":7}},"48":{"start":{"line":49,"column":0},"end":{"line":49,"column":49}},"49":{"start":{"line":50,"column":0},"end":{"line":50,"column":46}},"50":{"start":{"line":51,"column":0},"end":{"line":51,"column":6}},"51":{"start":{"line":52,"column":0},"end":{"line":52,"column":4}},"52":{"start":{"line":53,"column":0},"end":{"line":53,"column":2}},"54":{"start":{"line":55,"column":0},"end":{"line":55,"column":48}},"55":{"start":{"line":56,"column":0},"end":{"line":56,"column":32}}},"s":{"0":1,"26":1,"27":1,"28":1,"29":1,"30":1,"31":1,"32":1,"34":1,"35":1,"36":1,"37":1,"38":1,"39":1,"40":1,"41":1,"42":1,"43":1,"44":1,"45":0,"46":0,"48":1,"49":1,"50":1,"51":1,"52":1,"54":1,"55":1},"branchMap":{"0":{"type":"branch","line":39,"loc":{"start":{"line":39,"column":17},"end":{"line":51,"column":6}},"locations":[{"start":{"line":39,"column":17},"end":{"line":51,"column":6}}]},"1":{"type":"branch","line":45,"loc":{"start":{"line":45,"column":6},"end":{"line":47,"column":7}},"locations":[{"start":{"line":45,"column":6},"end":{"line":47,"column":7}}]}},"b":{"0":[1],"1":[0]},"fnMap":{"0":{"name":"addFormData","decl":{"start":{"line":39,"column":17},"end":{"line":51,"column":6}},"loc":{"start":{"line":39,"column":17},"end":{"line":51,"column":6}},"line":39}},"f":{"0":1}}
,"/Users/natalya/Desktop/RSSchool-react/rss-react/forms/src/store/store.ts": {"path":"/Users/natalya/Desktop/RSSchool-react/rss-react/forms/src/store/store.ts","all":false,"statementMap":{"0":{"start":{"line":1,"column":0},"end":{"line":1,"column":49}},"1":{"start":{"line":2,"column":0},"end":{"line":2,"column":37}},"3":{"start":{"line":4,"column":0},"end":{"line":4,"column":37}},"4":{"start":{"line":5,"column":0},"end":{"line":5,"column":12}},"5":{"start":{"line":6,"column":0},"end":{"line":6,"column":23}},"6":{"start":{"line":7,"column":0},"end":{"line":7,"column":4}},"7":{"start":{"line":8,"column":0},"end":{"line":8,"column":2}}},"s":{"0":1,"1":1,"3":1,"4":1,"5":1,"6":1,"7":1},"branchMap":{},"b":{},"fnMap":{},"f":{}}
,"/Users/natalya/Desktop/RSSchool-react/rss-react/forms/src/utils/FileInput.tsx": {"path":"/Users/natalya/Desktop/RSSchool-react/rss-react/forms/src/utils/FileInput.tsx","all":false,"statementMap":{"0":{"start":{"line":1,"column":0},"end":{"line":1,"column":32}},"7":{"start":{"line":8,"column":0},"end":{"line":8,"column":71}},"8":{"start":{"line":9,"column":0},"end":{"line":9,"column":62}},"10":{"start":{"line":11,"column":0},"end":{"line":11,"column":68}},"11":{"start":{"line":12,"column":0},"end":{"line":12,"column":44}},"12":{"start":{"line":13,"column":0},"end":{"line":13,"column":54}},"13":{"start":{"line":14,"column":0},"end":{"line":14,"column":20}},"14":{"start":{"line":15,"column":0},"end":{"line":15,"column":3}},"16":{"start":{"line":17,"column":0},"end":{"line":17,"column":10}},"17":{"start":{"line":18,"column":0},"end":{"line":18,"column":37}},"18":{"start":{"line":19,"column":0},"end":{"line":19,"column":12}},"19":{"start":{"line":20,"column":0},"end":{"line":20,"column":17}},"20":{"start":{"line":21,"column":0},"end":{"line":21,"column":19}},"21":{"start":{"line":22,"column":0},"end":{"line":22,"column":19}},"22":{"start":{"line":23,"column":0},"end":{"line":23,"column":31}},"23":{"start":{"line":24,"column":0},"end":{"line":24,"column":35}},"24":{"start":{"line":25,"column":0},"end":{"line":25,"column":8}},"26":{"start":{"line":27,"column":0},"end":{"line":27,"column":59}},"28":{"start":{"line":29,"column":0},"end":{"line":29,"column":14}},"30":{"start":{"line":31,"column":0},"end":{"line":31,"column":60}},"31":{"start":{"line":32,"column":0},"end":{"line":32,"column":10}},"33":{"start":{"line":34,"column":0},"end":{"line":34,"column":1}}},"s":{"0":1,"7":4,"8":4,"10":4,"11":2,"12":2,"13":2,"14":2,"16":4,"17":4,"18":4,"19":4,"20":4,"21":4,"22":4,"23":4,"24":4,"26":4,"28":4,"30":4,"31":4,"33":4},"branchMap":{"0":{"type":"branch","line":8,"loc":{"start":{"line":8,"column":0},"end":{"line":34,"column":1}},"locations":[{"start":{"line":8,"column":0},"end":{"line":34,"column":1}}]},"1":{"type":"branch","line":11,"loc":{"start":{"line":11,"column":23},"end":{"line":15,"column":3}},"locations":[{"start":{"line":11,"column":23},"end":{"line":15,"column":3}}]},"2":{"type":"branch","line":12,"loc":{"start":{"line":12,"column":35},"end":{"line":12,"column":44}},"locations":[{"start":{"line":12,"column":35},"end":{"line":12,"column":44}}]},"3":{"type":"branch","line":13,"loc":{"start":{"line":13,"column":16},"end":{"line":13,"column":35}},"locations":[{"start":{"line":13,"column":16},"end":{"line":13,"column":35}}]},"4":{"type":"branch","line":13,"loc":{"start":{"line":13,"column":28},"end":{"line":13,"column":53}},"locations":[{"start":{"line":13,"column":28},"end":{"line":13,"column":53}}]}},"b":{"0":[4],"1":[2],"2":[1],"3":[1],"4":[1]},"fnMap":{"0":{"name":"FileInput","decl":{"start":{"line":8,"column":0},"end":{"line":34,"column":1}},"loc":{"start":{"line":8,"column":0},"end":{"line":34,"column":1}},"line":8},"1":{"name":"handleChange","decl":{"start":{"line":11,"column":23},"end":{"line":15,"column":3}},"loc":{"start":{"line":11,"column":23},"end":{"line":15,"column":3}},"line":11}},"f":{"0":4,"1":2}}
,"/Users/natalya/Desktop/RSSchool-react/rss-react/forms/src/utils/fileToBase64.ts": {"path":"/Users/natalya/Desktop/RSSchool-react/rss-react/forms/src/utils/fileToBase64.ts","all":false,"statementMap":{"0":{"start":{"line":1,"column":0},"end":{"line":1,"column":59}},"1":{"start":{"line":2,"column":0},"end":{"line":2,"column":43}},"2":{"start":{"line":3,"column":0},"end":{"line":3,"column":35}},"4":{"start":{"line":5,"column":0},"end":{"line":5,"column":27}},"5":{"start":{"line":6,"column":0},"end":{"line":6,"column":38}},"6":{"start":{"line":7,"column":0},"end":{"line":7,"column":5}},"8":{"start":{"line":9,"column":0},"end":{"line":9,"column":31}},"9":{"start":{"line":10,"column":0},"end":{"line":10,"column":19}},"10":{"start":{"line":11,"column":0},"end":{"line":11,"column":5}},"12":{"start":{"line":13,"column":0},"end":{"line":13,"column":30}},"13":{"start":{"line":14,"column":0},"end":{"line":14,"column":4}},"14":{"start":{"line":15,"column":0},"end":{"line":15,"column":1}}},"s":{"0":1,"1":1,"2":1,"4":1,"5":1,"6":1,"8":1,"9":0,"10":0,"12":1,"13":1,"14":1},"branchMap":{"0":{"type":"branch","line":1,"loc":{"start":{"line":1,"column":7},"end":{"line":15,"column":1}},"locations":[{"start":{"line":1,"column":7},"end":{"line":15,"column":1}}]},"1":{"type":"branch","line":2,"loc":{"start":{"line":2,"column":21},"end":{"line":14,"column":3}},"locations":[{"start":{"line":2,"column":21},"end":{"line":14,"column":3}}]},"2":{"type":"branch","line":5,"loc":{"start":{"line":5,"column":20},"end":{"line":7,"column":5}},"locations":[{"start":{"line":5,"column":20},"end":{"line":7,"column":5}}]}},"b":{"0":[1],"1":[1],"2":[1]},"fnMap":{"0":{"name":"fileToBase64","decl":{"start":{"line":1,"column":7},"end":{"line":15,"column":1}},"loc":{"start":{"line":1,"column":7},"end":{"line":15,"column":1}},"line":1},"1":{"name":"reader.onload","decl":{"start":{"line":5,"column":20},"end":{"line":7,"column":5}},"loc":{"start":{"line":5,"column":20},"end":{"line":7,"column":5}},"line":5},"2":{"name":"reader.onerror","decl":{"start":{"line":9,"column":21},"end":{"line":11,"column":5}},"loc":{"start":{"line":9,"column":21},"end":{"line":11,"column":5}},"line":9}},"f":{"0":1,"1":1,"2":0}}
,"/Users/natalya/Desktop/RSSchool-react/rss-react/forms/src/utils/schema.ts": {"path":"/Users/natalya/Desktop/RSSchool-react/rss-react/forms/src/utils/schema.ts","all":false,"statementMap":{"0":{"start":{"line":1,"column":0},"end":{"line":1,"column":26}},"15":{"start":{"line":16,"column":0},"end":{"line":16,"column":72}},"16":{"start":{"line":17,"column":0},"end":{"line":17,"column":20}},"17":{"start":{"line":18,"column":0},"end":{"line":18,"column":80}},"18":{"start":{"line":19,"column":0},"end":{"line":19,"column":34}},"19":{"start":{"line":20,"column":0},"end":{"line":20,"column":19}},"20":{"start":{"line":21,"column":0},"end":{"line":21,"column":37}},"21":{"start":{"line":22,"column":0},"end":{"line":22,"column":36}},"22":{"start":{"line":23,"column":0},"end":{"line":23,"column":33}},"23":{"start":{"line":24,"column":0},"end":{"line":24,"column":75}},"24":{"start":{"line":25,"column":0},"end":{"line":25,"column":28}},"25":{"start":{"line":26,"column":0},"end":{"line":26,"column":51}},"26":{"start":{"line":27,"column":0},"end":{"line":27,"column":43}},"27":{"start":{"line":28,"column":0},"end":{"line":28,"column":24}},"28":{"start":{"line":29,"column":0},"end":{"line":29,"column":53}},"29":{"start":{"line":30,"column":0},"end":{"line":30,"column":46}},"30":{"start":{"line":31,"column":0},"end":{"line":31,"column":57}},"31":{"start":{"line":32,"column":0},"end":{"line":32,"column":56}},"32":{"start":{"line":33,"column":0},"end":{"line":33,"column":64}},"33":{"start":{"line":34,"column":0},"end":{"line":34,"column":38}},"34":{"start":{"line":35,"column":0},"end":{"line":35,"column":31}},"35":{"start":{"line":36,"column":0},"end":{"line":36,"column":57}},"36":{"start":{"line":37,"column":0},"end":{"line":37,"column":46}},"37":{"start":{"line":38,"column":0},"end":{"line":38,"column":72}},"38":{"start":{"line":39,"column":0},"end":{"line":39,"column":22}},"39":{"start":{"line":40,"column":0},"end":{"line":40,"column":56}},"40":{"start":{"line":41,"column":0},"end":{"line":41,"column":52}},"41":{"start":{"line":42,"column":0},"end":{"line":42,"column":56}},"42":{"start":{"line":43,"column":0},"end":{"line":43,"column":30}},"43":{"start":{"line":44,"column":0},"end":{"line":44,"column":52}},"44":{"start":{"line":45,"column":0},"end":{"line":45,"column":51}},"45":{"start":{"line":46,"column":0},"end":{"line":46,"column":37}},"46":{"start":{"line":47,"column":0},"end":{"line":47,"column":6}},"47":{"start":{"line":48,"column":0},"end":{"line":48,"column":58}},"48":{"start":{"line":49,"column":0},"end":{"line":49,"column":51}},"49":{"start":{"line":50,"column":0},"end":{"line":50,"column":64}},"50":{"start":{"line":51,"column":0},"end":{"line":51,"column":7}},"51":{"start":{"line":52,"column":0},"end":{"line":52,"column":13}}},"s":{"0":1,"15":1,"16":1,"17":1,"18":1,"19":1,"20":1,"21":1,"22":1,"23":1,"24":1,"25":1,"26":1,"27":1,"28":1,"29":1,"30":1,"31":1,"32":1,"33":1,"34":1,"35":1,"36":1,"37":1,"38":1,"39":1,"40":1,"41":1,"42":1,"43":1,"44":12,"45":2,"46":1,"47":1,"48":12,"49":2,"50":1,"51":1},"branchMap":{"0":{"type":"branch","line":44,"loc":{"start":{"line":44,"column":40},"end":{"line":47,"column":5}},"locations":[{"start":{"line":44,"column":40},"end":{"line":47,"column":5}}]},"1":{"type":"branch","line":45,"loc":{"start":{"line":45,"column":11},"end":{"line":45,"column":40}},"locations":[{"start":{"line":45,"column":11},"end":{"line":45,"column":40}}]},"2":{"type":"branch","line":45,"loc":{"start":{"line":45,"column":40},"end":{"line":45,"column":51}},"locations":[{"start":{"line":45,"column":40},"end":{"line":45,"column":51}}]},"3":{"type":"branch","line":45,"loc":{"start":{"line":45,"column":47},"end":{"line":46,"column":37}},"locations":[{"start":{"line":45,"column":47},"end":{"line":46,"column":37}}]},"4":{"type":"branch","line":48,"loc":{"start":{"line":48,"column":46},"end":{"line":51,"column":5}},"locations":[{"start":{"line":48,"column":46},"end":{"line":51,"column":5}}]},"5":{"type":"branch","line":49,"loc":{"start":{"line":49,"column":11},"end":{"line":49,"column":40}},"locations":[{"start":{"line":49,"column":11},"end":{"line":49,"column":40}}]},"6":{"type":"branch","line":49,"loc":{"start":{"line":49,"column":40},"end":{"line":49,"column":51}},"locations":[{"start":{"line":49,"column":40},"end":{"line":49,"column":51}}]},"7":{"type":"branch","line":49,"loc":{"start":{"line":49,"column":47},"end":{"line":50,"column":64}},"locations":[{"start":{"line":49,"column":47},"end":{"line":50,"column":64}}]}},"b":{"0":[12],"1":[5],"2":[10],"3":[2],"4":[12],"5":[5],"6":[10],"7":[2]},"fnMap":{},"f":{}}
,"/Users/natalya/Desktop/RSSchool-react/rss-react/forms/utils/fileToBase64.ts": {"path":"/Users/natalya/Desktop/RSSchool-react/rss-react/forms/utils/fileToBase64.ts","all":true,"statementMap":{},"s":{},"branchMap":{"0":{"type":"branch","line":1,"loc":{"start":{"line":1,"column":0},"end":{"line":1,"column":0}},"locations":[{"start":{"line":1,"column":0},"end":{"line":1,"column":0}}]}},"b":{"0":[1]},"fnMap":{"0":{"name":"(empty-report)","decl":{"start":{"line":1,"column":0},"end":{"line":1,"column":0}},"loc":{"start":{"line":1,"column":0},"end":{"line":1,"column":0}},"line":1}},"f":{"0":1}}
,"/Users/natalya/Desktop/RSSchool-react/rss-react/forms/utils/validation.ts": {"path":"/Users/natalya/Desktop/RSSchool-react/rss-react/forms/utils/validation.ts","all":true,"statementMap":{},"s":{},"branchMap":{"0":{"type":"branch","line":1,"loc":{"start":{"line":1,"column":0},"end":{"line":1,"column":0}},"locations":[{"start":{"line":1,"column":0},"end":{"line":1,"column":0}}]}},"b":{"0":[1]},"fnMap":{"0":{"name":"(empty-report)","decl":{"start":{"line":1,"column":0},"end":{"line":1,"column":0}},"loc":{"start":{"line":1,"column":0},"end":{"line":1,"column":0}},"line":1}},"f":{"0":1}}
}
